<?xml version="1.0" encoding="utf-8" standalone="no"?>
<!--This file represents the results of running a test suite-->
<test-results name="D:\Агеев\FreeLibSet\Tests\FreeLibSetTests.nunit" total="385" errors="0" failures="0" not-run="0" inconclusive="0" ignored="0" skipped="0" invalid="0" date="2021-07-20" time="20:22:28">
  <environment nunit-version="2.7.1.0" clr-version="2.0.50727.8806" os-version="Microsoft Windows NT 6.1.7601 Service Pack 1" platform="Win32NT" cwd="D:\NUnit\bin" machine-name="PC-AGEYEV" user="ageyev_av" user-domain="MIAC" />
  <culture-info current-culture="ru-RU" current-uiculture="ru-RU" />
  <test-suite type="Project" name="D:\Агеев\FreeLibSet\Tests\FreeLibSetTests.nunit" executed="True" result="Success" success="True" time="9.244" asserts="0">
    <results>
      <test-suite type="Assembly" name="D:\Агеев\FreeLibSet\Tests\ExtTools.tests\bin\Debug\ExtTools.tests.dll" executed="True" result="Success" success="True" time="0.446" asserts="0">
        <results>
          <test-suite type="Namespace" name="ExtTools" executed="True" result="Success" success="True" time="0.446" asserts="0">
            <results>
              <test-suite type="Namespace" name="tests" executed="True" result="Success" success="True" time="0.446" asserts="0">
                <results>
                  <test-suite type="TestFixture" name="DataToolsTests_CSV" executed="True" result="Success" success="True" time="0.035" asserts="0">
                    <results>
                      <test-suite type="ParameterizedTest" name="CommaStringFromArray" executed="True" result="Success" success="True" time="0.007" asserts="0">
                        <results>
                          <test-case name="ExtTools.tests.DataToolsTests_CSV.CommaStringFromArray(&quot;A,BC|DEF&quot;)" executed="True" result="Success" success="True" time="0.003" asserts="1" />
                          <test-case name="ExtTools.tests.DataToolsTests_CSV.CommaStringFromArray(&quot;ABC|DEF&quot;)" executed="True" result="Success" success="True" time="0.000" asserts="1" />
                          <test-case name="ExtTools.tests.DataToolsTests_CSV.CommaStringFromArray(&quot;|ABC|DEF&quot;)" executed="True" result="Success" success="True" time="0.000" asserts="1" />
                          <test-case name="ExtTools.tests.DataToolsTests_CSV.CommaStringFromArray(&quot;ABC|DEF|&quot;)" executed="True" result="Success" success="True" time="0.000" asserts="1" />
                        </results>
                      </test-suite>
                      <test-case name="ExtTools.tests.DataToolsTests_CSV.CommaStringFromArray_empty" executed="True" result="Success" success="True" time="0.000" asserts="2" />
                      <test-suite type="ParameterizedTest" name="CommaStringFromIds" executed="True" result="Success" success="True" time="0.006" asserts="0">
                        <results>
                          <test-case name="ExtTools.tests.DataToolsTests_CSV.CommaStringFromIds(&quot;1|2|3&quot;,True)" executed="True" result="Success" success="True" time="0.001" asserts="1" />
                          <test-case name="ExtTools.tests.DataToolsTests_CSV.CommaStringFromIds(&quot;1|2|3&quot;,False)" executed="True" result="Success" success="True" time="0.000" asserts="1" />
                        </results>
                      </test-suite>
                      <test-suite type="ParameterizedTest" name="CommaStringToArray" executed="True" result="Success" success="True" time="0.015" asserts="0">
                        <results>
                          <test-case name="ExtTools.tests.DataToolsTests_CSV.CommaStringToArray(&quot;&quot;)" executed="True" result="Success" success="True" time="0.003" asserts="1" />
                          <test-case name="ExtTools.tests.DataToolsTests_CSV.CommaStringToArray(&quot;,,ABC,DEF&quot;)" executed="True" result="Success" success="True" time="0.002" asserts="1" />
                          <test-case name="ExtTools.tests.DataToolsTests_CSV.CommaStringToArray(&quot;ABC,,,DEF&quot;)" executed="True" result="Success" success="True" time="0.000" asserts="1" />
                          <test-case name="ExtTools.tests.DataToolsTests_CSV.CommaStringToArray(&quot;\&quot;ABC\&quot;,\&quot;DE\&quot;\&quot;FG\&quot;&quot;)" executed="True" result="Success" success="True" time="0.000" asserts="1" />
                          <test-case name="ExtTools.tests.DataToolsTests_CSV.CommaStringToArray(&quot; ABC, \&quot;DEF\&quot; &quot;)" description="with spaces" executed="True" result="Success" success="True" time="0.000" asserts="1" />
                          <test-case name="ExtTools.tests.DataToolsTests_CSV.CommaStringToArray(&quot;ABC,,DEF&quot;)" executed="True" result="Success" success="True" time="0.000" asserts="1" />
                          <test-case name="ExtTools.tests.DataToolsTests_CSV.CommaStringToArray(&quot;ABC,DEF&quot;)" executed="True" result="Success" success="True" time="0.000" asserts="1" />
                          <test-case name="ExtTools.tests.DataToolsTests_CSV.CommaStringToArray(&quot;\&quot;AB\&quot;CD\&quot;&quot;)" description="middle quote missing" executed="True" result="Success" success="True" time="0.003" asserts="0" />
                          <test-case name="ExtTools.tests.DataToolsTests_CSV.CommaStringToArray(&quot;ABC,DEF,&quot;)" executed="True" result="Success" success="True" time="0.000" asserts="1" />
                          <test-case name="ExtTools.tests.DataToolsTests_CSV.CommaStringToArray(&quot;ABC,DEF,,&quot;)" executed="True" result="Success" success="True" time="0.000" asserts="1" />
                        </results>
                      </test-suite>
                      <test-suite type="ParameterizedTest" name="CommaStringToIds" executed="True" result="Success" success="True" time="0.001" asserts="0">
                        <results>
                          <test-case name="ExtTools.tests.DataToolsTests_CSV.CommaStringToIds(&quot;1,2,3,0&quot;)" executed="True" result="Success" success="True" time="0.001" asserts="1" />
                        </results>
                      </test-suite>
                    </results>
                  </test-suite>
                  <test-suite type="TestFixture" name="DataToolsTests_Date" executed="True" result="Success" success="True" time="0.056" asserts="0">
                    <results>
                      <test-case name="ExtTools.tests.DataToolsTests_Date.Constants" executed="True" result="Success" success="True" time="0.001" asserts="2" />
                      <test-suite type="ParameterizedTest" name="DateInRange" executed="True" result="Success" success="True" time="0.008" asserts="0">
                        <results>
                          <test-case name="ExtTools.tests.DataToolsTests_Date.DateInRange(&quot;20210714&quot;,&quot;20210713&quot;,&quot;20210713&quot;)" executed="True" result="Success" success="True" time="0.001" asserts="1" />
                          <test-case name="ExtTools.tests.DataToolsTests_Date.DateInRange(&quot;20210714&quot;,&quot;&quot;,&quot;20210713&quot;)" executed="True" result="Success" success="True" time="0.000" asserts="1" />
                          <test-case name="ExtTools.tests.DataToolsTests_Date.DateInRange(&quot;99991231&quot;,&quot;&quot;,&quot;&quot;)" executed="True" result="Success" success="True" time="0.000" asserts="1" />
                          <test-case name="ExtTools.tests.DataToolsTests_Date.DateInRange(&quot;20210714&quot;,&quot;20210714&quot;,&quot;20210714&quot;)" executed="True" result="Success" success="True" time="0.000" asserts="1" />
                          <test-case name="ExtTools.tests.DataToolsTests_Date.DateInRange(&quot;00010101&quot;,&quot;&quot;,&quot;&quot;)" executed="True" result="Success" success="True" time="0.000" asserts="1" />
                          <test-case name="ExtTools.tests.DataToolsTests_Date.DateInRange(&quot;20210714&quot;,&quot;20210715&quot;,&quot;20210715&quot;)" executed="True" result="Success" success="True" time="0.000" asserts="1" />
                          <test-case name="ExtTools.tests.DataToolsTests_Date.DateInRange(&quot;20210714&quot;,&quot;20210714&quot;,&quot;&quot;)" executed="True" result="Success" success="True" time="0.000" asserts="1" />
                          <test-case name="ExtTools.tests.DataToolsTests_Date.DateInRange(&quot;20210714&quot;,&quot;20210715&quot;,&quot;&quot;)" executed="True" result="Success" success="True" time="0.000" asserts="1" />
                          <test-case name="ExtTools.tests.DataToolsTests_Date.DateInRange(&quot;20210714&quot;,&quot;&quot;,&quot;20210714&quot;)" executed="True" result="Success" success="True" time="0.000" asserts="1" />
                        </results>
                      </test-suite>
                      <test-suite type="ParameterizedTest" name="DateRangeCrossed" executed="True" result="Success" success="True" time="0.010" asserts="0">
                        <results>
                          <test-case name="ExtTools.tests.DataToolsTests_Date.DateRangeCrossed(&quot;&quot;,&quot;&quot;,&quot;20210714&quot;,&quot;20210714&quot;)" executed="True" result="Success" success="True" time="0.001" asserts="1" />
                          <test-case name="ExtTools.tests.DataToolsTests_Date.DateRangeCrossed(&quot;20210715&quot;,&quot;&quot;,&quot;&quot;,&quot;20210714&quot;)" executed="True" result="Success" success="True" time="0.000" asserts="1" />
                          <test-case name="ExtTools.tests.DataToolsTests_Date.DateRangeCrossed(&quot;&quot;,&quot;&quot;,&quot;&quot;,&quot;&quot;)" executed="True" result="Success" success="True" time="0.000" asserts="1" />
                          <test-case name="ExtTools.tests.DataToolsTests_Date.DateRangeCrossed(&quot;20210701&quot;,&quot;20210710&quot;,&quot;20210630&quot;,&quot;20210630&quot;)" executed="True" result="Success" success="True" time="0.000" asserts="1" />
                          <test-case name="ExtTools.tests.DataToolsTests_Date.DateRangeCrossed(&quot;20210714&quot;,&quot;20210714&quot;,&quot;&quot;,&quot;&quot;)" executed="True" result="Success" success="True" time="0.000" asserts="1" />
                          <test-case name="ExtTools.tests.DataToolsTests_Date.DateRangeCrossed(&quot;&quot;,&quot;20210714&quot;,&quot;20210714&quot;,&quot;&quot;)" executed="True" result="Success" success="True" time="0.000" asserts="1" />
                          <test-case name="ExtTools.tests.DataToolsTests_Date.DateRangeCrossed(&quot;&quot;,&quot;20210714&quot;,&quot;20210715&quot;,&quot;&quot;)" executed="True" result="Success" success="True" time="0.000" asserts="1" />
                          <test-case name="ExtTools.tests.DataToolsTests_Date.DateRangeCrossed(&quot;20210714&quot;,&quot;&quot;,&quot;&quot;,&quot;20210714&quot;)" executed="True" result="Success" success="True" time="0.000" asserts="1" />
                          <test-case name="ExtTools.tests.DataToolsTests_Date.DateRangeCrossed(&quot;20210701&quot;,&quot;20210710&quot;,&quot;20210710&quot;,&quot;20210711&quot;)" executed="True" result="Success" success="True" time="0.000" asserts="1" />
                          <test-case name="ExtTools.tests.DataToolsTests_Date.DateRangeCrossed(&quot;20210701&quot;,&quot;20210710&quot;,&quot;20210630&quot;,&quot;20210701&quot;)" executed="True" result="Success" success="True" time="0.000" asserts="1" />
                          <test-case name="ExtTools.tests.DataToolsTests_Date.DateRangeCrossed(&quot;20210701&quot;,&quot;20210710&quot;,&quot;20210711&quot;,&quot;20210711&quot;)" executed="True" result="Success" success="True" time="0.000" asserts="1" />
                        </results>
                      </test-suite>
                      <test-suite type="ParameterizedTest" name="DateToRange" executed="True" result="Success" success="True" time="0.009" asserts="0">
                        <results>
                          <test-case name="ExtTools.tests.DataToolsTests_Date.DateToRange(&quot;20210714&quot;,&quot;&quot;,&quot;20210713&quot;)" executed="True" result="Success" success="True" time="0.001" asserts="1" />
                          <test-case name="ExtTools.tests.DataToolsTests_Date.DateToRange(&quot;20210714&quot;,&quot;20210101&quot;,&quot;20211231&quot;)" executed="True" result="Success" success="True" time="0.000" asserts="1" />
                          <test-case name="ExtTools.tests.DataToolsTests_Date.DateToRange(&quot;20210714&quot;,&quot;20210714&quot;,&quot;20211231&quot;)" executed="True" result="Success" success="True" time="0.000" asserts="1" />
                          <test-case name="ExtTools.tests.DataToolsTests_Date.DateToRange(&quot;20210714&quot;,&quot;20210101&quot;,&quot;20210714&quot;)" executed="True" result="Success" success="True" time="0.000" asserts="1" />
                          <test-case name="ExtTools.tests.DataToolsTests_Date.DateToRange(&quot;20210714&quot;,&quot;20210715&quot;,&quot;20211231&quot;)" executed="True" result="Success" success="True" time="0.000" asserts="1" />
                          <test-case name="ExtTools.tests.DataToolsTests_Date.DateToRange(&quot;20210714&quot;,&quot;20210101&quot;,&quot;20210713&quot;)" executed="True" result="Success" success="True" time="0.000" asserts="1" />
                          <test-case name="ExtTools.tests.DataToolsTests_Date.DateToRange(&quot;20210714&quot;,&quot;20210714&quot;,&quot;&quot;)" executed="True" result="Success" success="True" time="0.000" asserts="1" />
                          <test-case name="ExtTools.tests.DataToolsTests_Date.DateToRange(&quot;20210714&quot;,&quot;20210715&quot;,&quot;&quot;)" executed="True" result="Success" success="True" time="0.000" asserts="1" />
                          <test-case name="ExtTools.tests.DataToolsTests_Date.DateToRange(&quot;20210714&quot;,&quot;20210714&quot;,&quot;20211231&quot;)" executed="True" result="Success" success="True" time="0.000" asserts="1" />
                          <test-case name="ExtTools.tests.DataToolsTests_Date.DateToRange(&quot;20210714&quot;,&quot;&quot;,&quot;20210714&quot;)" executed="True" result="Success" success="True" time="0.000" asserts="1" />
                        </results>
                      </test-suite>
                      <test-suite type="ParameterizedTest" name="GetDateRangeCross" executed="True" result="Success" success="True" time="0.005" asserts="0">
                        <results>
                          <test-case name="ExtTools.tests.DataToolsTests_Date.GetDateRangeCross(&quot;20210714&quot;,&quot;&quot;,&quot;20210715&quot;,&quot;20210717&quot;)" executed="True" result="Success" success="True" time="0.001" asserts="1" />
                          <test-case name="ExtTools.tests.DataToolsTests_Date.GetDateRangeCross(&quot;20210714&quot;,&quot;20210715&quot;,&quot;&quot;,&quot;&quot;)" executed="True" result="Success" success="True" time="0.000" asserts="1" />
                          <test-case name="ExtTools.tests.DataToolsTests_Date.GetDateRangeCross(&quot;20210714&quot;,&quot;20210716&quot;,&quot;20210715&quot;,&quot;20210717&quot;)" executed="True" result="Success" success="True" time="0.000" asserts="1" />
                          <test-case name="ExtTools.tests.DataToolsTests_Date.GetDateRangeCross(&quot;20210714&quot;,&quot;20210715&quot;,&quot;20210716&quot;,&quot;20210717&quot;)" executed="True" result="Success" success="True" time="0.000" asserts="1" />
                          <test-case name="ExtTools.tests.DataToolsTests_Date.GetDateRangeCross(&quot;&quot;,&quot;20210716&quot;,&quot;20210715&quot;,&quot;20210717&quot;)" executed="True" result="Success" success="True" time="0.000" asserts="1" />
                        </results>
                      </test-suite>
                      <test-suite type="ParameterizedTest" name="GetDateRangeUnion" executed="True" result="Success" success="True" time="0.005" asserts="0">
                        <results>
                          <test-case name="ExtTools.tests.DataToolsTests_Date.GetDateRangeUnion(&quot;20210714&quot;,&quot;20210715&quot;,&quot;20210716&quot;,&quot;20210717&quot;)" executed="True" result="Success" success="True" time="0.001" asserts="1" />
                          <test-case name="ExtTools.tests.DataToolsTests_Date.GetDateRangeUnion(&quot;20210714&quot;,&quot;&quot;,&quot;&quot;,&quot;20210716&quot;)" executed="True" result="Success" success="True" time="0.000" asserts="1" />
                          <test-case name="ExtTools.tests.DataToolsTests_Date.GetDateRangeUnion(&quot;20210801&quot;,&quot;20210831&quot;,&quot;20210714&quot;,&quot;20210714&quot;)" executed="True" result="Success" success="True" time="0.000" asserts="1" />
                          <test-case name="ExtTools.tests.DataToolsTests_Date.GetDateRangeUnion(&quot;20210714&quot;,&quot;20210715&quot;,&quot;20210716&quot;,&quot;&quot;)" executed="True" result="Success" success="True" time="0.000" asserts="1" />
                          <test-case name="ExtTools.tests.DataToolsTests_Date.GetDateRangeUnion(&quot;20210714&quot;,&quot;20210715&quot;,&quot;&quot;,&quot;20210716&quot;)" executed="True" result="Success" success="True" time="0.000" asserts="1" />
                        </results>
                      </test-suite>
                      <test-suite type="ParameterizedTest" name="YearInRange" executed="True" result="Success" success="True" time="0.007" asserts="0">
                        <results>
                          <test-case name="ExtTools.tests.DataToolsTests_Date.YearInRange(2021,&quot;&quot;,&quot;20201231&quot;)" executed="True" result="Success" success="True" time="0.001" asserts="1" />
                          <test-case name="ExtTools.tests.DataToolsTests_Date.YearInRange(9999,&quot;&quot;,&quot;&quot;)" executed="True" result="Success" success="True" time="0.000" asserts="1" />
                          <test-case name="ExtTools.tests.DataToolsTests_Date.YearInRange(2022,&quot;20211231&quot;,&quot;20211231&quot;)" executed="True" result="Success" success="True" time="0.000" asserts="1" />
                          <test-case name="ExtTools.tests.DataToolsTests_Date.YearInRange(2021,&quot;&quot;,&quot;20210101&quot;)" executed="True" result="Success" success="True" time="0.000" asserts="1" />
                          <test-case name="ExtTools.tests.DataToolsTests_Date.YearInRange(2021,&quot;20211231&quot;,&quot;&quot;)" executed="True" result="Success" success="True" time="0.000" asserts="1" />
                          <test-case name="ExtTools.tests.DataToolsTests_Date.YearInRange(2021,&quot;20211231&quot;,&quot;20211231&quot;)" executed="True" result="Success" success="True" time="0.000" asserts="1" />
                          <test-case name="ExtTools.tests.DataToolsTests_Date.YearInRange(2021,&quot;20220101&quot;,&quot;&quot;)" executed="True" result="Success" success="True" time="0.000" asserts="1" />
                        </results>
                      </test-suite>
                    </results>
                  </test-suite>
                  <test-suite type="TestFixture" name="DataToolsTests_GroupRows" executed="True" result="Success" success="True" time="0.036" asserts="0">
                    <results>
                      <test-case name="ExtTools.tests.DataToolsTests_GroupRows.GroupRows_null_is_not_zero" executed="True" result="Success" success="True" time="0.031" asserts="1" />
                      <test-case name="ExtTools.tests.DataToolsTests_GroupRows.GroupRows_null_is_zero_1" executed="True" result="Success" success="True" time="0.000" asserts="1" />
                      <test-case name="ExtTools.tests.DataToolsTests_GroupRows.GroupRows_null_is_zero_2" executed="True" result="Success" success="True" time="0.000" asserts="1" />
                      <test-case name="ExtTools.tests.DataToolsTests_GroupRows.GroupRows_null_is_zero_3" executed="True" result="Success" success="True" time="0.000" asserts="1" />
                    </results>
                  </test-suite>
                  <test-suite type="TestFixture" name="DataToolsTests_Math" executed="True" result="Success" success="True" time="0.017" asserts="0">
                    <results>
                      <test-suite type="ParameterizedTest" name="DivideWithRounding_int" executed="True" result="Success" success="True" time="0.006" asserts="0">
                        <results>
                          <test-case name="ExtTools.tests.DataToolsTests_Math.DivideWithRounding_int(3,2)" executed="True" result="Success" success="True" time="0.003" asserts="1" />
                          <test-case name="ExtTools.tests.DataToolsTests_Math.DivideWithRounding_int(-10,3)" executed="True" result="Success" success="True" time="0.000" asserts="1" />
                          <test-case name="ExtTools.tests.DataToolsTests_Math.DivideWithRounding_int(11,-3)" executed="True" result="Success" success="True" time="0.000" asserts="1" />
                          <test-case name="ExtTools.tests.DataToolsTests_Math.DivideWithRounding_int(-2000000001,-1000000000)" executed="True" result="Success" success="True" time="0.000" asserts="1" />
                        </results>
                      </test-suite>
                      <test-case name="ExtTools.tests.DataToolsTests_Math.DivideWithRounding_int_divide_by_zero" executed="True" result="Success" success="True" time="0.003" asserts="1" />
                      <test-suite type="ParameterizedTest" name="DivideWithRounding_long" executed="True" result="Success" success="True" time="0.004" asserts="0">
                        <results>
                          <test-case name="ExtTools.tests.DataToolsTests_Math.DivideWithRounding_long(-2L,-1L)" executed="True" result="Success" success="True" time="0.001" asserts="1" />
                          <test-case name="ExtTools.tests.DataToolsTests_Math.DivideWithRounding_long(3000000000000000000L,2000000000000000000L)" executed="True" result="Success" success="True" time="0.000" asserts="1" />
                          <test-case name="ExtTools.tests.DataToolsTests_Math.DivideWithRounding_long(11L,-3L)" executed="True" result="Success" success="True" time="0.000" asserts="1" />
                          <test-case name="ExtTools.tests.DataToolsTests_Math.DivideWithRounding_long(-9000000000000000002L,3L)" executed="True" result="Success" success="True" time="0.000" asserts="1" />
                        </results>
                      </test-suite>
                      <test-case name="ExtTools.tests.DataToolsTests_Math.DivideWithRounding_long_divide_by_zero" executed="True" result="Success" success="True" time="0.000" asserts="1" />
                    </results>
                  </test-suite>
                  <test-suite type="TestFixture" name="DataToolsTests_String" executed="True" result="Success" success="True" time="0.246" asserts="0">
                    <results>
                      <test-suite type="ParameterizedTest" name="AddStrIfNoEmpty" executed="True" result="Success" success="True" time="0.003" asserts="0">
                        <results>
                          <test-case name="ExtTools.tests.DataToolsTests_String.AddStrIfNoEmpty(&quot;ABC&quot;,&quot;DEF&quot;,&quot;,&quot;)" executed="True" result="Success" success="True" time="0.000" asserts="1" />
                          <test-case name="ExtTools.tests.DataToolsTests_String.AddStrIfNoEmpty(&quot;&quot;,&quot;DEF&quot;,&quot;,&quot;)" executed="True" result="Success" success="True" time="0.000" asserts="1" />
                          <test-case name="ExtTools.tests.DataToolsTests_String.AddStrIfNoEmpty(&quot;&quot;,&quot;&quot;,&quot;,&quot;)" executed="True" result="Success" success="True" time="0.000" asserts="1" />
                          <test-case name="ExtTools.tests.DataToolsTests_String.AddStrIfNoEmpty(&quot;ABC&quot;,&quot;&quot;,&quot;,&quot;)" executed="True" result="Success" success="True" time="0.000" asserts="1" />
                        </results>
                      </test-suite>
                      <test-suite type="ParameterizedTest" name="BytesToHex" executed="True" result="Success" success="True" time="0.002" asserts="0">
                        <results>
                          <test-case name="ExtTools.tests.DataToolsTests_String.BytesToHex(&quot;0|200|255&quot;,True)" executed="True" result="Success" success="True" time="0.000" asserts="1" />
                          <test-case name="ExtTools.tests.DataToolsTests_String.BytesToHex(&quot;0|200|255&quot;,False)" executed="True" result="Success" success="True" time="0.000" asserts="1" />
                        </results>
                      </test-suite>
                      <test-case name="ExtTools.tests.DataToolsTests_String.BytesToHex_empty" executed="True" result="Success" success="True" time="0.000" asserts="2" />
                      <test-suite type="ParameterizedTest" name="ChangeUpperLowerInvariant" executed="True" result="Success" success="True" time="0.004" asserts="0">
                        <results>
                          <test-case name="ExtTools.tests.DataToolsTests_String.ChangeUpperLowerInvariant(&quot;ABC&quot;)" executed="True" result="Success" success="True" time="0.001" asserts="1" />
                          <test-case name="ExtTools.tests.DataToolsTests_String.ChangeUpperLowerInvariant(&quot;..ABC&quot;)" executed="True" result="Success" success="True" time="0.000" asserts="1" />
                          <test-case name="ExtTools.tests.DataToolsTests_String.ChangeUpperLowerInvariant(&quot;abc&quot;)" executed="True" result="Success" success="True" time="0.000" asserts="1" />
                          <test-case name="ExtTools.tests.DataToolsTests_String.ChangeUpperLowerInvariant(&quot;AbCd&quot;)" executed="True" result="Success" success="True" time="0.000" asserts="1" />
                        </results>
                      </test-suite>
                      <test-suite type="ParameterizedTest" name="CommaStringToArray" executed="True" result="Success" success="True" time="0.009" asserts="0">
                        <results>
                          <test-case name="ExtTools.tests.DataToolsTests_String.CommaStringToArray(&quot;,,ABC,DEF&quot;)" executed="True" result="Success" success="True" time="0.000" asserts="1" />
                          <test-case name="ExtTools.tests.DataToolsTests_String.CommaStringToArray(&quot;ABC,DEF&quot;)" executed="True" result="Success" success="True" time="0.000" asserts="1" />
                          <test-case name="ExtTools.tests.DataToolsTests_String.CommaStringToArray(&quot;ABC,DEF,&quot;)" executed="True" result="Success" success="True" time="0.000" asserts="1" />
                          <test-case name="ExtTools.tests.DataToolsTests_String.CommaStringToArray(&quot;ABC,DEF,,&quot;)" executed="True" result="Success" success="True" time="0.000" asserts="1" />
                          <test-case name="ExtTools.tests.DataToolsTests_String.CommaStringToArray(&quot; ABC, \&quot;DEF\&quot; &quot;)" description="with spaces" executed="True" result="Success" success="True" time="0.000" asserts="1" />
                          <test-case name="ExtTools.tests.DataToolsTests_String.CommaStringToArray(&quot;\&quot;AB\&quot;CD\&quot;&quot;)" description="middle quote missing" executed="True" result="Success" success="True" time="0.000" asserts="0" />
                          <test-case name="ExtTools.tests.DataToolsTests_String.CommaStringToArray(&quot;ABC,,,DEF&quot;)" executed="True" result="Success" success="True" time="0.000" asserts="1" />
                          <test-case name="ExtTools.tests.DataToolsTests_String.CommaStringToArray(&quot;\&quot;ABC\&quot;,\&quot;DE\&quot;\&quot;FG\&quot;&quot;)" executed="True" result="Success" success="True" time="0.000" asserts="1" />
                          <test-case name="ExtTools.tests.DataToolsTests_String.CommaStringToArray(&quot;ABC,,DEF&quot;)" executed="True" result="Success" success="True" time="0.000" asserts="1" />
                          <test-case name="ExtTools.tests.DataToolsTests_String.CommaStringToArray(&quot;&quot;)" executed="True" result="Success" success="True" time="0.000" asserts="1" />
                        </results>
                      </test-suite>
                      <test-suite type="ParameterizedTest" name="GetCharCount" executed="True" result="Success" success="True" time="0.003" asserts="0">
                        <results>
                          <test-case name="ExtTools.tests.DataToolsTests_String.GetCharCount(&quot;ABCABCA&quot;,'A')" executed="True" result="Success" success="True" time="0.000" asserts="1" />
                          <test-case name="ExtTools.tests.DataToolsTests_String.GetCharCount(null,'A')" executed="True" result="Success" success="True" time="0.000" asserts="1" />
                          <test-case name="ExtTools.tests.DataToolsTests_String.GetCharCount(&quot;BCD&quot;,'A')" executed="True" result="Success" success="True" time="0.000" asserts="1" />
                          <test-case name="ExtTools.tests.DataToolsTests_String.GetCharCount(&quot;&quot;,'A')" executed="True" result="Success" success="True" time="0.000" asserts="1" />
                        </results>
                      </test-suite>
                      <test-suite type="ParameterizedTest" name="GetNewLineSeparators" executed="True" result="Success" success="True" time="0.011" asserts="0">
                        <results>
                          <test-case name="ExtTools.tests.DataToolsTests_String.GetNewLineSeparators(&quot;ABC\r\n\r\nDEF&quot;)" executed="True" result="Success" success="True" time="0.001" asserts="1" />
                          <test-case name="ExtTools.tests.DataToolsTests_String.GetNewLineSeparators(&quot;\r\nDEF&quot;)" executed="True" result="Success" success="True" time="0.000" asserts="1" />
                          <test-case name="ExtTools.tests.DataToolsTests_String.GetNewLineSeparators(&quot;\r\n&quot;)" executed="True" result="Success" success="True" time="0.000" asserts="1" />
                          <test-case name="ExtTools.tests.DataToolsTests_String.GetNewLineSeparators(&quot;ABC&quot;)" executed="True" result="Success" success="True" time="0.000" asserts="1" />
                          <test-case name="ExtTools.tests.DataToolsTests_String.GetNewLineSeparators(&quot;&quot;)" executed="True" result="Success" success="True" time="0.000" asserts="1" />
                          <test-case name="ExtTools.tests.DataToolsTests_String.GetNewLineSeparators(&quot;ABC\r\n&quot;)" executed="True" result="Success" success="True" time="0.000" asserts="1" />
                          <test-case name="ExtTools.tests.DataToolsTests_String.GetNewLineSeparators(&quot;ABC\nDEF&quot;)" executed="True" result="Success" success="True" time="0.000" asserts="1" />
                          <test-case name="ExtTools.tests.DataToolsTests_String.GetNewLineSeparators(&quot;ABC\n\nDEF&quot;)" executed="True" result="Success" success="True" time="0.000" asserts="1" />
                          <test-case name="ExtTools.tests.DataToolsTests_String.GetNewLineSeparators(&quot;ABC\rDEF&quot;)" executed="True" result="Success" success="True" time="0.000" asserts="1" />
                          <test-case name="ExtTools.tests.DataToolsTests_String.GetNewLineSeparators(&quot;ABC\r\rDEF&quot;)" executed="True" result="Success" success="True" time="0.000" asserts="1" />
                          <test-case name="ExtTools.tests.DataToolsTests_String.GetNewLineSeparators(null)" executed="True" result="Success" success="True" time="0.000" asserts="1" />
                          <test-case name="ExtTools.tests.DataToolsTests_String.GetNewLineSeparators(&quot;ABC\r\nDEF&quot;)" executed="True" result="Success" success="True" time="0.000" asserts="1" />
                        </results>
                      </test-suite>
                      <test-suite type="ParameterizedTest" name="HexToBytes" executed="True" result="Success" success="True" time="0.003" asserts="0">
                        <results>
                          <test-case name="ExtTools.tests.DataToolsTests_String.HexToBytes(null)" executed="True" result="Success" success="True" time="0.001" asserts="1" />
                          <test-case name="ExtTools.tests.DataToolsTests_String.HexToBytes(&quot;abCD00&quot;)" executed="True" result="Success" success="True" time="0.000" asserts="1" />
                          <test-case name="ExtTools.tests.DataToolsTests_String.HexToBytes(&quot;&quot;)" executed="True" result="Success" success="True" time="0.000" asserts="1" />
                        </results>
                      </test-suite>
                      <test-suite type="ParameterizedTest" name="IndexOfAny" executed="True" result="Success" success="True" time="0.008" asserts="0">
                        <results>
                          <test-case name="ExtTools.tests.DataToolsTests_String.IndexOfAny(&quot;ABCD&quot;,&quot;DB&quot;)" executed="True" result="Success" success="True" time="0.001" asserts="1" />
                          <test-case name="ExtTools.tests.DataToolsTests_String.IndexOfAny(&quot;ABCDEFGHIJ&quot;,&quot;1234567890&quot;)" executed="True" result="Success" success="True" time="0.001" asserts="1" />
                          <test-case name="ExtTools.tests.DataToolsTests_String.IndexOfAny(&quot;ABCDEFGHIJ6&quot;,&quot;1234567890&quot;)" executed="True" result="Success" success="True" time="0.000" asserts="1" />
                          <test-case name="ExtTools.tests.DataToolsTests_String.IndexOfAny(&quot;ABCD&quot;,&quot;&quot;)" executed="True" result="Success" success="True" time="0.000" asserts="1" />
                          <test-case name="ExtTools.tests.DataToolsTests_String.IndexOfAny(&quot;ABCD&quot;,null)" executed="True" result="Success" success="True" time="0.000" asserts="1" />
                          <test-case name="ExtTools.tests.DataToolsTests_String.IndexOfAny(&quot;&quot;,&quot;ABC&quot;)" executed="True" result="Success" success="True" time="0.000" asserts="1" />
                          <test-case name="ExtTools.tests.DataToolsTests_String.IndexOfAny(null,&quot;ABC&quot;)" executed="True" result="Success" success="True" time="0.000" asserts="1" />
                          <test-case name="ExtTools.tests.DataToolsTests_String.IndexOfAny(&quot;ABCD&quot;,&quot;YZ&quot;)" executed="True" result="Success" success="True" time="0.000" asserts="1" />
                        </results>
                      </test-suite>
                      <test-suite type="ParameterizedTest" name="IndexOfAnyOther" executed="True" result="Success" success="True" time="0.006" asserts="0">
                        <results>
                          <test-case name="ExtTools.tests.DataToolsTests_String.IndexOfAnyOther(null,&quot;ABC&quot;)" executed="True" result="Success" success="True" time="0.001" asserts="1" />
                          <test-case name="ExtTools.tests.DataToolsTests_String.IndexOfAnyOther(&quot;ABCD&quot;,&quot;DB&quot;)" executed="True" result="Success" success="True" time="0.000" asserts="1" />
                          <test-case name="ExtTools.tests.DataToolsTests_String.IndexOfAnyOther(&quot;ABCD&quot;,&quot;AC&quot;)" executed="True" result="Success" success="True" time="0.000" asserts="1" />
                          <test-case name="ExtTools.tests.DataToolsTests_String.IndexOfAnyOther(&quot;ABCD&quot;,&quot;&quot;)" executed="True" result="Success" success="True" time="0.000" asserts="1" />
                          <test-case name="ExtTools.tests.DataToolsTests_String.IndexOfAnyOther(&quot;ABCD&quot;,null)" executed="True" result="Success" success="True" time="0.000" asserts="1" />
                          <test-case name="ExtTools.tests.DataToolsTests_String.IndexOfAnyOther(&quot;&quot;,&quot;ABC&quot;)" executed="True" result="Success" success="True" time="0.000" asserts="1" />
                        </results>
                      </test-suite>
                      <test-suite type="ParameterizedTest" name="IsSubstring" executed="True" result="Success" success="True" time="0.007" asserts="0">
                        <results>
                          <test-case name="ExtTools.tests.DataToolsTests_String.IsSubstring(&quot;ABCDEF&quot;,2,&quot;cde&quot;,Ordinal)" executed="True" result="Success" success="True" time="0.001" asserts="1" />
                          <test-case name="ExtTools.tests.DataToolsTests_String.IsSubstring(&quot;ABCDEF&quot;,2,&quot;cde&quot;,OrdinalIgnoreCase)" executed="True" result="Success" success="True" time="0.000" asserts="1" />
                          <test-case name="ExtTools.tests.DataToolsTests_String.IsSubstring(&quot;ABCDEF&quot;,-1,&quot;zzz&quot;,OrdinalIgnoreCase)" description="no exception throws" executed="True" result="Success" success="True" time="0.000" asserts="1" />
                          <test-case name="ExtTools.tests.DataToolsTests_String.IsSubstring(&quot;&quot;,2,&quot;zzz&quot;,OrdinalIgnoreCase)" executed="True" result="Success" success="True" time="0.000" asserts="1" />
                          <test-case name="ExtTools.tests.DataToolsTests_String.IsSubstring(&quot;ABCDEF&quot;,2,&quot;&quot;,OrdinalIgnoreCase)" executed="True" result="Success" success="True" time="0.000" asserts="1" />
                          <test-case name="ExtTools.tests.DataToolsTests_String.IsSubstring(&quot;ABCDEF&quot;,2,null,OrdinalIgnoreCase)" executed="True" result="Success" success="True" time="0.000" asserts="1" />
                          <test-case name="ExtTools.tests.DataToolsTests_String.IsSubstring(&quot;ABCDEF&quot;,4,&quot;zzz&quot;,OrdinalIgnoreCase)" description="no exception throws" executed="True" result="Success" success="True" time="0.000" asserts="1" />
                          <test-case name="ExtTools.tests.DataToolsTests_String.IsSubstring(null,2,&quot;zzz&quot;,OrdinalIgnoreCase)" executed="True" result="Success" success="True" time="0.000" asserts="1" />
                        </results>
                      </test-suite>
                      <test-suite type="ParameterizedTest" name="JoinNotEmptyStrings" executed="True" result="Success" success="True" time="0.010" asserts="0">
                        <results>
                          <test-case name="ExtTools.tests.DataToolsTests_String.JoinNotEmptyStrings(&quot;,&quot;,null,&quot;DEF&quot;,&quot;GHI&quot;)" executed="True" result="Success" success="True" time="0.002" asserts="3" />
                          <test-case name="ExtTools.tests.DataToolsTests_String.JoinNotEmptyStrings(&quot;,&quot;,&quot;ABC&quot;,&quot;DEF&quot;,&quot;&quot;)" executed="True" result="Success" success="True" time="0.000" asserts="3" />
                          <test-case name="ExtTools.tests.DataToolsTests_String.JoinNotEmptyStrings(&quot;,&quot;,&quot;ABC&quot;,&quot;&quot;,&quot;GHI&quot;)" executed="True" result="Success" success="True" time="0.000" asserts="3" />
                          <test-case name="ExtTools.tests.DataToolsTests_String.JoinNotEmptyStrings(&quot;,&quot;,&quot;ABC&quot;,&quot;&quot;,&quot;&quot;,&quot;GHI&quot;)" executed="True" result="Success" success="True" time="0.000" asserts="3" />
                          <test-case name="ExtTools.tests.DataToolsTests_String.JoinNotEmptyStrings(null,&quot;ABC&quot;,&quot;DEF&quot;,&quot;GHI&quot;)" executed="True" result="Success" success="True" time="0.000" asserts="3" />
                          <test-case name="ExtTools.tests.DataToolsTests_String.JoinNotEmptyStrings(&quot;,&quot;,System.String[])" executed="True" result="Success" success="True" time="0.000" asserts="3" />
                          <test-case name="ExtTools.tests.DataToolsTests_String.JoinNotEmptyStrings(&quot;,&quot;)" executed="True" result="Success" success="True" time="0.000" asserts="3" />
                          <test-case name="ExtTools.tests.DataToolsTests_String.JoinNotEmptyStrings(&quot;,&quot;,&quot;&quot;,&quot;DEF&quot;,&quot;GHI&quot;)" executed="True" result="Success" success="True" time="0.000" asserts="3" />
                          <test-case name="ExtTools.tests.DataToolsTests_String.JoinNotEmptyStrings(&quot;,&quot;,&quot;ABC&quot;,&quot;DEF&quot;,&quot;GHI&quot;)" executed="True" result="Success" success="True" time="0.000" asserts="3" />
                        </results>
                      </test-suite>
                      <test-suite type="ParameterizedTest" name="PadCenter" executed="True" result="Success" success="True" time="0.005" asserts="0">
                        <results>
                          <test-case name="ExtTools.tests.DataToolsTests_String.PadCenter(&quot;&quot;,1,'#')" executed="True" result="Success" success="True" time="0.001" asserts="1" />
                          <test-case name="ExtTools.tests.DataToolsTests_String.PadCenter(&quot;AB&quot;,2,'#')" executed="True" result="Success" success="True" time="0.000" asserts="1" />
                          <test-case name="ExtTools.tests.DataToolsTests_String.PadCenter(&quot;AB&quot;,1,'#')" executed="True" result="Success" success="True" time="0.000" asserts="1" />
                          <test-case name="ExtTools.tests.DataToolsTests_String.PadCenter(&quot;AB&quot;,5,'#')" executed="True" result="Success" success="True" time="0.000" asserts="1" />
                          <test-case name="ExtTools.tests.DataToolsTests_String.PadCenter(null,1,'#')" executed="True" result="Success" success="True" time="0.000" asserts="1" />
                        </results>
                      </test-suite>
                      <test-suite type="ParameterizedTest" name="PadLeft" executed="True" result="Success" success="True" time="0.005" asserts="0">
                        <results>
                          <test-case name="ExtTools.tests.DataToolsTests_String.PadLeft(&quot;AB&quot;,1,'#')" executed="True" result="Success" success="True" time="0.001" asserts="1" />
                          <test-case name="ExtTools.tests.DataToolsTests_String.PadLeft(&quot;AB&quot;,2,'#')" executed="True" result="Success" success="True" time="0.000" asserts="1" />
                          <test-case name="ExtTools.tests.DataToolsTests_String.PadLeft(&quot;AB&quot;,5,'#')" executed="True" result="Success" success="True" time="0.000" asserts="1" />
                          <test-case name="ExtTools.tests.DataToolsTests_String.PadLeft(&quot;&quot;,1,'#')" executed="True" result="Success" success="True" time="0.000" asserts="1" />
                          <test-case name="ExtTools.tests.DataToolsTests_String.PadLeft(null,1,'#')" executed="True" result="Success" success="True" time="0.000" asserts="1" />
                        </results>
                      </test-suite>
                      <test-suite type="ParameterizedTest" name="PadRight" executed="True" result="Success" success="True" time="0.004" asserts="0">
                        <results>
                          <test-case name="ExtTools.tests.DataToolsTests_String.PadRight(&quot;AB&quot;,5,'#')" executed="True" result="Success" success="True" time="0.001" asserts="1" />
                          <test-case name="ExtTools.tests.DataToolsTests_String.PadRight(&quot;AB&quot;,2,'#')" executed="True" result="Success" success="True" time="0.000" asserts="1" />
                          <test-case name="ExtTools.tests.DataToolsTests_String.PadRight(&quot;AB&quot;,1,'#')" executed="True" result="Success" success="True" time="0.000" asserts="1" />
                          <test-case name="ExtTools.tests.DataToolsTests_String.PadRight(&quot;&quot;,1,'#')" executed="True" result="Success" success="True" time="0.000" asserts="1" />
                        </results>
                      </test-suite>
                      <test-suite type="ParameterizedTest" name="RemoveChars" executed="True" result="Success" success="True" time="0.006" asserts="0">
                        <results>
                          <test-case name="ExtTools.tests.DataToolsTests_String.RemoveChars(&quot;ABCDEF&quot;,null)" executed="True" result="Success" success="True" time="0.001" asserts="1" />
                          <test-case name="ExtTools.tests.DataToolsTests_String.RemoveChars(&quot;ABCDEF&quot;,&quot;DCBZ&quot;)" executed="True" result="Success" success="True" time="0.000" asserts="1" />
                          <test-case name="ExtTools.tests.DataToolsTests_String.RemoveChars(&quot;ABCDEF&quot;,&quot;&quot;)" executed="True" result="Success" success="True" time="0.000" asserts="1" />
                          <test-case name="ExtTools.tests.DataToolsTests_String.RemoveChars(&quot;ABCDEF&quot;,&quot;XYZ&quot;)" executed="True" result="Success" success="True" time="0.000" asserts="1" />
                          <test-case name="ExtTools.tests.DataToolsTests_String.RemoveChars(&quot;&quot;,&quot;XYZ&quot;)" executed="True" result="Success" success="True" time="0.000" asserts="1" />
                          <test-case name="ExtTools.tests.DataToolsTests_String.RemoveChars(null,&quot;XYZ&quot;)" executed="True" result="Success" success="True" time="0.000" asserts="1" />
                        </results>
                      </test-suite>
                      <test-suite type="ParameterizedTest" name="RemoveDoubleChars" executed="True" result="Success" success="True" time="0.006" asserts="0">
                        <results>
                          <test-case name="ExtTools.tests.DataToolsTests_String.RemoveDoubleChars(&quot;ABCCD&quot;,'C')" executed="True" result="Success" success="True" time="0.001" asserts="1" />
                          <test-case name="ExtTools.tests.DataToolsTests_String.RemoveDoubleChars(null,'Z')" executed="True" result="Success" success="True" time="0.000" asserts="1" />
                          <test-case name="ExtTools.tests.DataToolsTests_String.RemoveDoubleChars(&quot;AABCAA&quot;,'A')" executed="True" result="Success" success="True" time="0.000" asserts="1" />
                          <test-case name="ExtTools.tests.DataToolsTests_String.RemoveDoubleChars(&quot;AAABC&quot;,'A')" executed="True" result="Success" success="True" time="0.000" asserts="1" />
                          <test-case name="ExtTools.tests.DataToolsTests_String.RemoveDoubleChars(&quot;AAABC&quot;,'Z')" executed="True" result="Success" success="True" time="0.000" asserts="1" />
                          <test-case name="ExtTools.tests.DataToolsTests_String.RemoveDoubleChars(&quot;&quot;,'Z')" executed="True" result="Success" success="True" time="0.000" asserts="1" />
                        </results>
                      </test-suite>
                      <test-suite type="ParameterizedTest" name="RemoveOtherChars" executed="True" result="Success" success="True" time="0.006" asserts="0">
                        <results>
                          <test-case name="ExtTools.tests.DataToolsTests_String.RemoveOtherChars(&quot;ABCDEF&quot;,null)" executed="True" result="Success" success="True" time="0.001" asserts="1" />
                          <test-case name="ExtTools.tests.DataToolsTests_String.RemoveOtherChars(&quot;ABCDEF&quot;,&quot;&quot;)" executed="True" result="Success" success="True" time="0.000" asserts="1" />
                          <test-case name="ExtTools.tests.DataToolsTests_String.RemoveOtherChars(&quot;ABCDEF&quot;,&quot;DCBZ&quot;)" executed="True" result="Success" success="True" time="0.000" asserts="1" />
                          <test-case name="ExtTools.tests.DataToolsTests_String.RemoveOtherChars(&quot;ABCDEF&quot;,&quot;XYZ&quot;)" executed="True" result="Success" success="True" time="0.000" asserts="1" />
                          <test-case name="ExtTools.tests.DataToolsTests_String.RemoveOtherChars(&quot;&quot;,&quot;XYZ&quot;)" executed="True" result="Success" success="True" time="0.000" asserts="1" />
                          <test-case name="ExtTools.tests.DataToolsTests_String.RemoveOtherChars(null,&quot;XYZ&quot;)" executed="True" result="Success" success="True" time="0.000" asserts="1" />
                        </results>
                      </test-suite>
                      <test-suite type="ParameterizedTest" name="ReplaceAny" executed="True" result="Success" success="True" time="0.007" asserts="0">
                        <results>
                          <test-case name="ExtTools.tests.DataToolsTests_String.ReplaceAny(&quot;ABCDEFGHIJKLMNOPQRSTUVWXYZ&quot;,&quot;ABCDEVWXYZ&quot;,'0')" executed="True" result="Success" success="True" time="0.001" asserts="2" />
                          <test-case name="ExtTools.tests.DataToolsTests_String.ReplaceAny(&quot;&quot;,&quot;DB&quot;,'0')" executed="True" result="Success" success="True" time="0.000" asserts="2" />
                          <test-case name="ExtTools.tests.DataToolsTests_String.ReplaceAny(null,&quot;DB&quot;,'0')" executed="True" result="Success" success="True" time="0.000" asserts="1" />
                          <test-case name="ExtTools.tests.DataToolsTests_String.ReplaceAny(&quot;ABCDEF&quot;,&quot;&quot;,'0')" executed="True" result="Success" success="True" time="0.000" asserts="2" />
                          <test-case name="ExtTools.tests.DataToolsTests_String.ReplaceAny(&quot;ABCDEF&quot;,null,'0')" executed="True" result="Success" success="True" time="0.000" asserts="2" />
                          <test-case name="ExtTools.tests.DataToolsTests_String.ReplaceAny(&quot;ABCDEF&quot;,&quot;DBZ&quot;,'0')" executed="True" result="Success" success="True" time="0.000" asserts="2" />
                        </results>
                      </test-suite>
                      <test-suite type="ParameterizedTest" name="ReplaceAnyOther" executed="True" result="Success" success="True" time="0.007" asserts="0">
                        <results>
                          <test-case name="ExtTools.tests.DataToolsTests_String.ReplaceAnyOther(&quot;&quot;,&quot;DB&quot;,'0')" executed="True" result="Success" success="True" time="0.001" asserts="2" />
                          <test-case name="ExtTools.tests.DataToolsTests_String.ReplaceAnyOther(&quot;ABCDEF&quot;,null,'0')" executed="True" result="Success" success="True" time="0.000" asserts="2" />
                          <test-case name="ExtTools.tests.DataToolsTests_String.ReplaceAnyOther(&quot;ABCDEF&quot;,&quot;DBZ&quot;,'0')" executed="True" result="Success" success="True" time="0.000" asserts="2" />
                          <test-case name="ExtTools.tests.DataToolsTests_String.ReplaceAnyOther(null,&quot;DB&quot;,'0')" executed="True" result="Success" success="True" time="0.000" asserts="1" />
                          <test-case name="ExtTools.tests.DataToolsTests_String.ReplaceAnyOther(&quot;ABCDEF&quot;,&quot;&quot;,'0')" executed="True" result="Success" success="True" time="0.000" asserts="2" />
                          <test-case name="ExtTools.tests.DataToolsTests_String.ReplaceAnyOther(&quot;ABCDEFGHIJKLMNOPQRSTUVWXYZ&quot;,&quot;ABCDEVWXYZ&quot;,'0')" executed="True" result="Success" success="True" time="0.001" asserts="2" />
                        </results>
                      </test-suite>
                      <test-suite type="ParameterizedTest" name="ReplaceCharRange" executed="True" result="Success" success="True" time="0.004" asserts="0">
                        <results>
                          <test-case name="ExtTools.tests.DataToolsTests_String.ReplaceCharRange(null,'B','C','0')" executed="True" result="Success" success="True" time="0.001" asserts="1" />
                          <test-case name="ExtTools.tests.DataToolsTests_String.ReplaceCharRange(&quot;&quot;,'B','C','0')" executed="True" result="Success" success="True" time="0.000" asserts="2" />
                          <test-case name="ExtTools.tests.DataToolsTests_String.ReplaceCharRange(&quot;AHBCEF&quot;,'C','B','0')" executed="True" result="Success" success="True" time="0.000" asserts="2" />
                          <test-case name="ExtTools.tests.DataToolsTests_String.ReplaceCharRange(&quot;AHBCEF&quot;,'B','C','0')" executed="True" result="Success" success="True" time="0.000" asserts="2" />
                        </results>
                      </test-suite>
                      <test-suite type="ParameterizedTest" name="ReplaceChars" executed="True" result="Success" success="True" time="0.006" asserts="0">
                        <results>
                          <test-case name="ExtTools.tests.DataToolsTests_String.ReplaceChars(&quot;ABCDEF&quot;,&quot;DFA&quot;,&quot;123&quot;)" executed="True" result="Success" success="True" time="0.001" asserts="2" />
                          <test-case name="ExtTools.tests.DataToolsTests_String.ReplaceChars(&quot;ABCDEF&quot;,&quot;ABC&quot;,&quot;12&quot;)" executed="True" result="Success" success="True" time="0.000" asserts="0" />
                          <test-case name="ExtTools.tests.DataToolsTests_String.ReplaceChars(&quot;&quot;,&quot;DF&quot;,&quot;12&quot;)" executed="True" result="Success" success="True" time="0.000" asserts="2" />
                          <test-case name="ExtTools.tests.DataToolsTests_String.ReplaceChars(null,&quot;DF&quot;,&quot;12&quot;)" executed="True" result="Success" success="True" time="0.000" asserts="1" />
                          <test-case name="ExtTools.tests.DataToolsTests_String.ReplaceChars(&quot;ABCDEF&quot;,&quot;&quot;,&quot;&quot;)" executed="True" result="Success" success="True" time="0.000" asserts="2" />
                        </results>
                      </test-suite>
                      <test-suite type="ParameterizedTest" name="ReplaceDigits" executed="True" result="Success" success="True" time="0.005" asserts="0">
                        <results>
                          <test-case name="ExtTools.tests.DataToolsTests_String.ReplaceDigits(null,'0')" executed="True" result="Success" success="True" time="0.001" asserts="1" />
                          <test-case name="ExtTools.tests.DataToolsTests_String.ReplaceDigits(&quot;ABC&quot;,'0')" executed="True" result="Success" success="True" time="0.000" asserts="2" />
                          <test-case name="ExtTools.tests.DataToolsTests_String.ReplaceDigits(&quot;1AB&quot;,'0')" executed="True" result="Success" success="True" time="0.000" asserts="2" />
                          <test-case name="ExtTools.tests.DataToolsTests_String.ReplaceDigits(&quot;AB0&quot;,'0')" executed="True" result="Success" success="True" time="0.000" asserts="2" />
                          <test-case name="ExtTools.tests.DataToolsTests_String.ReplaceDigits(&quot;&quot;,'0')" executed="True" result="Success" success="True" time="0.000" asserts="2" />
                        </results>
                      </test-suite>
                      <test-suite type="ParameterizedTest" name="StrLeft" executed="True" result="Success" success="True" time="0.005" asserts="0">
                        <results>
                          <test-case name="ExtTools.tests.DataToolsTests_String.StrLeft(&quot;AB&quot;,2)" executed="True" result="Success" success="True" time="0.000" asserts="1" />
                          <test-case name="ExtTools.tests.DataToolsTests_String.StrLeft(null,1)" executed="True" result="Success" success="True" time="0.000" asserts="1" />
                          <test-case name="ExtTools.tests.DataToolsTests_String.StrLeft(&quot;AB&quot;,5)" executed="True" result="Success" success="True" time="0.000" asserts="1" />
                          <test-case name="ExtTools.tests.DataToolsTests_String.StrLeft(&quot;AB&quot;,1)" executed="True" result="Success" success="True" time="0.000" asserts="1" />
                          <test-case name="ExtTools.tests.DataToolsTests_String.StrLeft(&quot;&quot;,1)" executed="True" result="Success" success="True" time="0.000" asserts="1" />
                        </results>
                      </test-suite>
                      <test-suite type="ParameterizedTest" name="StrRight" executed="True" result="Success" success="True" time="0.005" asserts="0">
                        <results>
                          <test-case name="ExtTools.tests.DataToolsTests_String.StrRight(&quot;&quot;,1)" executed="True" result="Success" success="True" time="0.000" asserts="1" />
                          <test-case name="ExtTools.tests.DataToolsTests_String.StrRight(null,1)" executed="True" result="Success" success="True" time="0.000" asserts="1" />
                          <test-case name="ExtTools.tests.DataToolsTests_String.StrRight(&quot;AB&quot;,5)" executed="True" result="Success" success="True" time="0.000" asserts="1" />
                          <test-case name="ExtTools.tests.DataToolsTests_String.StrRight(&quot;AB&quot;,2)" executed="True" result="Success" success="True" time="0.000" asserts="1" />
                          <test-case name="ExtTools.tests.DataToolsTests_String.StrRight(&quot;AB&quot;,1)" executed="True" result="Success" success="True" time="0.000" asserts="1" />
                        </results>
                      </test-suite>
                      <test-case name="ExtTools.tests.DataToolsTests_String.ToLowerInvariant_for_array" executed="True" result="Success" success="True" time="0.001" asserts="4" />
                      <test-case name="ExtTools.tests.DataToolsTests_String.ToLowerInvariant_for_array_null" executed="True" result="Success" success="True" time="0.000" asserts="1" />
                      <test-suite type="ParameterizedTest" name="ToStringArray_int32" executed="True" result="Success" success="True" time="0.005" asserts="0">
                        <results>
                          <test-case name="ExtTools.tests.DataToolsTests_String.ToStringArray_int32(&quot;1&quot;)" executed="True" result="Success" success="True" time="0.003" asserts="5" />
                          <test-case name="ExtTools.tests.DataToolsTests_String.ToStringArray_int32(&quot;1|2|3&quot;)" executed="True" result="Success" success="True" time="0.000" asserts="5" />
                          <test-case name="ExtTools.tests.DataToolsTests_String.ToStringArray_int32(&quot;&quot;)" executed="True" result="Success" success="True" time="0.000" asserts="5" />
                        </results>
                      </test-suite>
                      <test-suite type="ParameterizedTest" name="ToStringJoin_int32" executed="True" result="Success" success="True" time="0.005" asserts="0">
                        <results>
                          <test-case name="ExtTools.tests.DataToolsTests_String.ToStringJoin_int32(&quot;,&quot;,&quot;&quot;)" executed="True" result="Success" success="True" time="0.003" asserts="5" />
                          <test-case name="ExtTools.tests.DataToolsTests_String.ToStringJoin_int32(&quot;,&quot;,&quot;1&quot;)" executed="True" result="Success" success="True" time="0.000" asserts="5" />
                          <test-case name="ExtTools.tests.DataToolsTests_String.ToStringJoin_int32(&quot;,&quot;,&quot;1|2|3&quot;)" executed="True" result="Success" success="True" time="0.000" asserts="5" />
                        </results>
                      </test-suite>
                      <test-suite type="ParameterizedTest" name="ToUpperFirstInvariant" executed="True" result="Success" success="True" time="0.005" asserts="0">
                        <results>
                          <test-case name="ExtTools.tests.DataToolsTests_String.ToUpperFirstInvariant(null)" executed="True" result="Success" success="True" time="0.000" asserts="1" />
                          <test-case name="ExtTools.tests.DataToolsTests_String.ToUpperFirstInvariant(&quot;..ABC&quot;)" executed="True" result="Success" success="True" time="0.000" asserts="1" />
                          <test-case name="ExtTools.tests.DataToolsTests_String.ToUpperFirstInvariant(&quot;ABC&quot;)" executed="True" result="Success" success="True" time="0.000" asserts="1" />
                          <test-case name="ExtTools.tests.DataToolsTests_String.ToUpperFirstInvariant(&quot;&quot;)" executed="True" result="Success" success="True" time="0.000" asserts="1" />
                          <test-case name="ExtTools.tests.DataToolsTests_String.ToUpperFirstInvariant(&quot;abc&quot;)" executed="True" result="Success" success="True" time="0.000" asserts="1" />
                        </results>
                      </test-suite>
                      <test-case name="ExtTools.tests.DataToolsTests_String.ToUpperInvariant_for_array" executed="True" result="Success" success="True" time="0.001" asserts="4" />
                      <test-case name="ExtTools.tests.DataToolsTests_String.ToUpperInvariant_for_array_null" executed="True" result="Success" success="True" time="0.000" asserts="1" />
                      <test-suite type="ParameterizedTest" name="ToUpperWordsInvariant" executed="True" result="Success" success="True" time="0.007" asserts="0">
                        <results>
                          <test-case name="ExtTools.tests.DataToolsTests_String.ToUpperWordsInvariant(&quot;_ABC DEF&quot;)" executed="True" result="Success" success="True" time="0.001" asserts="1" />
                          <test-case name="ExtTools.tests.DataToolsTests_String.ToUpperWordsInvariant(null)" executed="True" result="Success" success="True" time="0.000" asserts="1" />
                          <test-case name="ExtTools.tests.DataToolsTests_String.ToUpperWordsInvariant(&quot;abc def&quot;)" executed="True" result="Success" success="True" time="0.000" asserts="1" />
                          <test-case name="ExtTools.tests.DataToolsTests_String.ToUpperWordsInvariant(&quot;abc  def&quot;)" executed="True" result="Success" success="True" time="0.000" asserts="1" />
                          <test-case name="ExtTools.tests.DataToolsTests_String.ToUpperWordsInvariant(&quot;abc123def&quot;)" executed="True" result="Success" success="True" time="0.000" asserts="1" />
                          <test-case name="ExtTools.tests.DataToolsTests_String.ToUpperWordsInvariant(&quot;&quot;)" executed="True" result="Success" success="True" time="0.000" asserts="1" />
                          <test-case name="ExtTools.tests.DataToolsTests_String.ToUpperWordsInvariant(&quot;ABC DEF&quot;)" executed="True" result="Success" success="True" time="0.000" asserts="1" />
                        </results>
                      </test-suite>
                      <test-suite type="ParameterizedTest" name="TrimEndNewLineSeparators_LF" executed="True" result="Success" success="True" time="0.007" asserts="0">
                        <results>
                          <test-case name="ExtTools.tests.DataToolsTests_String.TrimEndNewLineSeparators_LF(&quot;\r\n\r\nABC\r\n\r\n&quot;,True)" executed="True" result="Success" success="True" time="0.001" asserts="1" />
                          <test-case name="ExtTools.tests.DataToolsTests_String.TrimEndNewLineSeparators_LF(null,True)" executed="True" result="Success" success="True" time="0.000" asserts="1" />
                          <test-case name="ExtTools.tests.DataToolsTests_String.TrimEndNewLineSeparators_LF(&quot;\n\nABC\n\n&quot;,True)" executed="True" result="Success" success="True" time="0.000" asserts="1" />
                          <test-case name="ExtTools.tests.DataToolsTests_String.TrimEndNewLineSeparators_LF(&quot;\n\n&quot;,True)" executed="True" result="Success" success="True" time="0.000" asserts="1" />
                          <test-case name="ExtTools.tests.DataToolsTests_String.TrimEndNewLineSeparators_LF(&quot;\n\n&quot;,False)" executed="True" result="Success" success="True" time="0.000" asserts="1" />
                          <test-case name="ExtTools.tests.DataToolsTests_String.TrimEndNewLineSeparators_LF(&quot;ABC&quot;,True)" executed="True" result="Success" success="True" time="0.000" asserts="1" />
                          <test-case name="ExtTools.tests.DataToolsTests_String.TrimEndNewLineSeparators_LF(&quot;&quot;,True)" executed="True" result="Success" success="True" time="0.000" asserts="1" />
                        </results>
                      </test-suite>
                      <test-suite type="ParameterizedTest" name="TrimEndNewLineSeparators_with_autodetection" executed="True" result="Success" success="True" time="0.008" asserts="0">
                        <results>
                          <test-case name="ExtTools.tests.DataToolsTests_String.TrimEndNewLineSeparators_with_autodetection(&quot;ABC&quot;,True)" executed="True" result="Success" success="True" time="0.001" asserts="1" />
                          <test-case name="ExtTools.tests.DataToolsTests_String.TrimEndNewLineSeparators_with_autodetection(&quot;&quot;,True)" executed="True" result="Success" success="True" time="0.000" asserts="1" />
                          <test-case name="ExtTools.tests.DataToolsTests_String.TrimEndNewLineSeparators_with_autodetection(&quot;\r\n\r\nABC\r\n\r\n&quot;,False)" executed="True" result="Success" success="True" time="0.000" asserts="1" />
                          <test-case name="ExtTools.tests.DataToolsTests_String.TrimEndNewLineSeparators_with_autodetection(&quot;\n\nABC\n\n&quot;,True)" executed="True" result="Success" success="True" time="0.000" asserts="1" />
                          <test-case name="ExtTools.tests.DataToolsTests_String.TrimEndNewLineSeparators_with_autodetection(&quot;\n\n&quot;,True)" executed="True" result="Success" success="True" time="0.000" asserts="1" />
                          <test-case name="ExtTools.tests.DataToolsTests_String.TrimEndNewLineSeparators_with_autodetection(&quot;\n\n&quot;,False)" executed="True" result="Success" success="True" time="0.000" asserts="1" />
                          <test-case name="ExtTools.tests.DataToolsTests_String.TrimEndNewLineSeparators_with_autodetection(&quot;\r\n\r\nABC\r\n\r\n&quot;,True)" executed="True" result="Success" success="True" time="0.000" asserts="1" />
                          <test-case name="ExtTools.tests.DataToolsTests_String.TrimEndNewLineSeparators_with_autodetection(null,True)" executed="True" result="Success" success="True" time="0.000" asserts="1" />
                        </results>
                      </test-suite>
                      <test-suite type="ParameterizedTest" name="TrimStartNewLineSeparators_LF" executed="True" result="Success" success="True" time="0.007" asserts="0">
                        <results>
                          <test-case name="ExtTools.tests.DataToolsTests_String.TrimStartNewLineSeparators_LF(&quot;\n\n&quot;,True)" executed="True" result="Success" success="True" time="0.001" asserts="1" />
                          <test-case name="ExtTools.tests.DataToolsTests_String.TrimStartNewLineSeparators_LF(&quot;ABC&quot;,True)" executed="True" result="Success" success="True" time="0.000" asserts="1" />
                          <test-case name="ExtTools.tests.DataToolsTests_String.TrimStartNewLineSeparators_LF(&quot;&quot;,True)" executed="True" result="Success" success="True" time="0.000" asserts="1" />
                          <test-case name="ExtTools.tests.DataToolsTests_String.TrimStartNewLineSeparators_LF(null,True)" executed="True" result="Success" success="True" time="0.000" asserts="1" />
                          <test-case name="ExtTools.tests.DataToolsTests_String.TrimStartNewLineSeparators_LF(&quot;\n\nABC\n\n&quot;,True)" executed="True" result="Success" success="True" time="0.000" asserts="1" />
                          <test-case name="ExtTools.tests.DataToolsTests_String.TrimStartNewLineSeparators_LF(&quot;\r\n\r\nABC\r\n\r\n&quot;,True)" executed="True" result="Success" success="True" time="0.000" asserts="1" />
                          <test-case name="ExtTools.tests.DataToolsTests_String.TrimStartNewLineSeparators_LF(&quot;\n\n&quot;,False)" executed="True" result="Success" success="True" time="0.000" asserts="1" />
                        </results>
                      </test-suite>
                      <test-suite type="ParameterizedTest" name="TrimStartNewLineSeparators_with_autodetection" executed="True" result="Success" success="True" time="0.008" asserts="0">
                        <results>
                          <test-case name="ExtTools.tests.DataToolsTests_String.TrimStartNewLineSeparators_with_autodetection(&quot;\r\n\r\nABC\r\n\r\n&quot;,False)" executed="True" result="Success" success="True" time="0.001" asserts="1" />
                          <test-case name="ExtTools.tests.DataToolsTests_String.TrimStartNewLineSeparators_with_autodetection(&quot;\r\n\r\nABC\r\n\r\n&quot;,True)" executed="True" result="Success" success="True" time="0.000" asserts="1" />
                          <test-case name="ExtTools.tests.DataToolsTests_String.TrimStartNewLineSeparators_with_autodetection(&quot;ABC&quot;,True)" executed="True" result="Success" success="True" time="0.000" asserts="1" />
                          <test-case name="ExtTools.tests.DataToolsTests_String.TrimStartNewLineSeparators_with_autodetection(&quot;&quot;,True)" executed="True" result="Success" success="True" time="0.000" asserts="1" />
                          <test-case name="ExtTools.tests.DataToolsTests_String.TrimStartNewLineSeparators_with_autodetection(null,True)" executed="True" result="Success" success="True" time="0.000" asserts="1" />
                          <test-case name="ExtTools.tests.DataToolsTests_String.TrimStartNewLineSeparators_with_autodetection(&quot;\n\n&quot;,False)" executed="True" result="Success" success="True" time="0.000" asserts="1" />
                          <test-case name="ExtTools.tests.DataToolsTests_String.TrimStartNewLineSeparators_with_autodetection(&quot;\n\n&quot;,True)" executed="True" result="Success" success="True" time="0.000" asserts="1" />
                          <test-case name="ExtTools.tests.DataToolsTests_String.TrimStartNewLineSeparators_with_autodetection(&quot;\n\nABC\n\n&quot;,True)" executed="True" result="Success" success="True" time="0.000" asserts="1" />
                        </results>
                      </test-suite>
                    </results>
                  </test-suite>
                  <test-suite type="TestFixture" name="ListWithMRUTests" executed="True" result="Success" success="True" time="0.032" asserts="0">
                    <results>
                      <test-case name="ExtTools.tests.ListWithMRUTests.Add_unlimited" executed="True" result="Success" success="True" time="0.005" asserts="1" />
                      <test-case name="ExtTools.tests.ListWithMRUTests.Clear" executed="True" result="Success" success="True" time="0.001" asserts="1" />
                      <test-case name="ExtTools.tests.ListWithMRUTests.Constructor_IEnumerable" executed="True" result="Success" success="True" time="0.000" asserts="1" />
                      <test-suite type="ParameterizedTest" name="Contains" executed="True" result="Success" success="True" time="0.002" asserts="0">
                        <results>
                          <test-case name="ExtTools.tests.ListWithMRUTests.Contains(&quot;Zero&quot;)" executed="True" result="Success" success="True" time="0.000" asserts="1" />
                          <test-case name="ExtTools.tests.ListWithMRUTests.Contains(&quot;One&quot;)" executed="True" result="Success" success="True" time="0.000" asserts="1" />
                        </results>
                      </test-suite>
                      <test-suite type="ParameterizedTest" name="IndexOf" executed="True" result="Success" success="True" time="0.003" asserts="0">
                        <results>
                          <test-case name="ExtTools.tests.ListWithMRUTests.IndexOf(&quot;Zero&quot;)" executed="True" result="Success" success="True" time="0.000" asserts="1" />
                          <test-case name="ExtTools.tests.ListWithMRUTests.IndexOf(&quot;One&quot;)" executed="True" result="Success" success="True" time="0.000" asserts="1" />
                          <test-case name="ExtTools.tests.ListWithMRUTests.IndexOf(&quot;Five&quot;)" executed="True" result="Success" success="True" time="0.000" asserts="1" />
                        </results>
                      </test-suite>
                      <test-case name="ExtTools.tests.ListWithMRUTests.Insert_limited" executed="True" result="Success" success="True" time="0.003" asserts="1" />
                      <test-case name="ExtTools.tests.ListWithMRUTests.Insert_unlimited" executed="True" result="Success" success="True" time="0.000" asserts="1" />
                      <test-case name="ExtTools.tests.ListWithMRUTests.Item_get" executed="True" result="Success" success="True" time="0.000" asserts="1" />
                      <test-case name="ExtTools.tests.ListWithMRUTests.Item_set" executed="True" result="Success" success="True" time="0.001" asserts="1" />
                      <test-case name="ExtTools.tests.ListWithMRUTests.MaxCapacity" executed="True" result="Success" success="True" time="0.000" asserts="1" />
                      <test-case name="ExtTools.tests.ListWithMRUTests.MaxCapacity_invalid" executed="True" result="Success" success="True" time="0.001" asserts="1" />
                      <test-case name="ExtTools.tests.ListWithMRUTests.Remove" executed="True" result="Success" success="True" time="0.000" asserts="3" />
                      <test-case name="ExtTools.tests.ListWithMRUTests.RemoveAt" executed="True" result="Success" success="True" time="0.001" asserts="1" />
                      <test-case name="ExtTools.tests.ListWithMRUTests.Touch" executed="True" result="Success" success="True" time="0.001" asserts="2" />
                    </results>
                  </test-suite>
                </results>
              </test-suite>
            </results>
          </test-suite>
        </results>
      </test-suite>
      <test-suite type="Assembly" name="D:\Агеев\FreeLibSet\Tests\ExtDB.tests\bin\Debug\ExtDB.tests.dll" executed="True" result="Success" success="True" time="0.193" asserts="0">
        <results>
          <test-suite type="Namespace" name="ExtDB" executed="True" result="Success" success="True" time="0.193" asserts="0">
            <results>
              <test-suite type="Namespace" name="tests" executed="True" result="Success" success="True" time="0.193" asserts="0">
                <results>
                  <test-suite type="TestFixture" name="DBxColumnListTests" executed="True" result="Success" success="True" time="0.092" asserts="0">
                    <results>
                      <test-suite type="ParameterizedTest" name="Add" executed="True" result="Success" success="True" time="0.009" asserts="0">
                        <results>
                          <test-case name="ExtDB.tests.DBxColumnListTests.Add(&quot;F1,F2&quot;,&quot;F3,F3&quot;,&quot;F1,F2,F3&quot;)" executed="True" result="Success" success="True" time="0.002" asserts="3" />
                          <test-case name="ExtDB.tests.DBxColumnListTests.Add(&quot;F1,F2&quot;,&quot;&quot;,&quot;F1,F2&quot;)" executed="True" result="Success" success="True" time="0.000" asserts="3" />
                          <test-case name="ExtDB.tests.DBxColumnListTests.Add(&quot;&quot;,&quot;&quot;,&quot;&quot;)" executed="True" result="Success" success="True" time="0.000" asserts="3" />
                          <test-case name="ExtDB.tests.DBxColumnListTests.Add(&quot;F1,F2&quot;,&quot;F1&quot;,&quot;F1,F2&quot;)" executed="True" result="Success" success="True" time="0.000" asserts="3" />
                          <test-case name="ExtDB.tests.DBxColumnListTests.Add(&quot;F1,F2&quot;,&quot;F3&quot;,&quot;F1,F2,F3&quot;)" executed="True" result="Success" success="True" time="0.000" asserts="3" />
                          <test-case name="ExtDB.tests.DBxColumnListTests.Add(&quot;F1,F2&quot;,&quot;F3,F1&quot;,&quot;F1,F2,F3&quot;)" executed="True" result="Success" success="True" time="0.000" asserts="3" />
                          <test-case name="ExtDB.tests.DBxColumnListTests.Add(&quot;&quot;,&quot;F1,F2&quot;,&quot;F1,F2&quot;)" executed="True" result="Success" success="True" time="0.000" asserts="3" />
                        </results>
                      </test-suite>
                      <test-case name="ExtDB.tests.DBxColumnListTests.Clear" executed="True" result="Success" success="True" time="0.000" asserts="1" />
                      <test-case name="ExtDB.tests.DBxColumnListTests.Clone" executed="True" result="Success" success="True" time="0.001" asserts="2" />
                      <test-case name="ExtDB.tests.DBxColumnListTests.CloneWithPrefix" executed="True" result="Success" success="True" time="0.001" asserts="2" />
                      <test-case name="ExtDB.tests.DBxColumnListTests.CloneWithSuffix" executed="True" result="Success" success="True" time="0.001" asserts="2" />
                      <test-case name="ExtDB.tests.DBxColumnListTests.Constructor_with_collection" executed="True" result="Success" success="True" time="0.001" asserts="3" />
                      <test-case name="ExtDB.tests.DBxColumnListTests.Constructor_with_empty_string" executed="True" result="Success" success="True" time="0.000" asserts="3" />
                      <test-case name="ExtDB.tests.DBxColumnListTests.Constructor_with_enumerable" executed="True" result="Success" success="True" time="0.001" asserts="3" />
                      <test-case name="ExtDB.tests.DBxColumnListTests.Constructor_with_string" executed="True" result="Success" success="True" time="0.000" asserts="3" />
                      <test-case name="ExtDB.tests.DBxColumnListTests.Constructor_without_args" executed="True" result="Success" success="True" time="0.000" asserts="3" />
                      <test-case name="ExtDB.tests.DBxColumnListTests.Contains_DBxColumnList" executed="True" result="Success" success="True" time="0.001" asserts="3" />
                      <test-case name="ExtDB.tests.DBxColumnListTests.Contains_DBxColumnList_empty" executed="True" result="Success" success="True" time="0.000" asserts="2" />
                      <test-case name="ExtDB.tests.DBxColumnListTests.Contains_DBxColumns" executed="True" result="Success" success="True" time="0.001" asserts="3" />
                      <test-case name="ExtDB.tests.DBxColumnListTests.Contains_DBxColumns_empty" executed="True" result="Success" success="True" time="0.000" asserts="2" />
                      <test-case name="ExtDB.tests.DBxColumnListTests.Contains_empty_string" executed="True" result="Success" success="True" time="0.001" asserts="2" />
                      <test-case name="ExtDB.tests.DBxColumnListTests.Contains_empty_string_in_empty_list" executed="True" result="Success" success="True" time="0.000" asserts="2" />
                      <test-case name="ExtDB.tests.DBxColumnListTests.Contains_simple_string" executed="True" result="Success" success="True" time="0.000" asserts="2" />
                      <test-case name="ExtDB.tests.DBxColumnListTests.Contains_string_with_commas" executed="True" result="Success" success="True" time="0.000" asserts="3" />
                      <test-case name="ExtDB.tests.DBxColumnListTests.ContainsAny_DBxColumnList" executed="True" result="Success" success="True" time="0.001" asserts="3" />
                      <test-case name="ExtDB.tests.DBxColumnListTests.ContainsAny_DBxColumnList_empty" executed="True" result="Success" success="True" time="0.000" asserts="2" />
                      <test-case name="ExtDB.tests.DBxColumnListTests.ContainsAny_DBxColumns" executed="True" result="Success" success="True" time="0.001" asserts="3" />
                      <test-case name="ExtDB.tests.DBxColumnListTests.ContainsAny_DBxColumns_empty" executed="True" result="Success" success="True" time="0.000" asserts="2" />
                      <test-case name="ExtDB.tests.DBxColumnListTests.ContainsAny_empty_string" executed="True" result="Success" success="True" time="0.001" asserts="2" />
                      <test-case name="ExtDB.tests.DBxColumnListTests.ContainsAny_empty_string_in_empty_list" executed="True" result="Success" success="True" time="0.000" asserts="2" />
                      <test-case name="ExtDB.tests.DBxColumnListTests.ContainsAny_simple_string" executed="True" result="Success" success="True" time="0.000" asserts="2" />
                      <test-case name="ExtDB.tests.DBxColumnListTests.ContainsAny_string_with_commas" executed="True" result="Success" success="True" time="0.000" asserts="3" />
                      <test-case name="ExtDB.tests.DBxColumnListTests.ContainsDots" executed="True" result="Success" success="True" time="0.001" asserts="3" />
                      <test-case name="ExtDB.tests.DBxColumnListTests.ContainsStartedWith" executed="True" result="Success" success="True" time="0.001" asserts="2" />
                      <test-case name="ExtDB.tests.DBxColumnListTests.ContainsStartedWith_empty_prefix" executed="True" result="Success" success="True" time="0.000" asserts="1" />
                      <test-case name="ExtDB.tests.DBxColumnListTests.ContainsStartedWith_empty_prefix_for_empty_list" executed="True" result="Success" success="True" time="0.000" asserts="1" />
                      <test-case name="ExtDB.tests.DBxColumnListTests.Empty" executed="True" result="Success" success="True" time="0.000" asserts="2" />
                      <test-case name="ExtDB.tests.DBxColumnListTests.HasMoreThan_DBxColumnList" executed="True" result="Success" success="True" time="0.001" asserts="3" />
                      <test-case name="ExtDB.tests.DBxColumnListTests.HasMoreThan_DBxColumnList_empty" executed="True" result="Success" success="True" time="0.000" asserts="2" />
                      <test-case name="ExtDB.tests.DBxColumnListTests.HasMoreThan_DBxColumnList_empty_for_empty_list" executed="True" result="Success" success="True" time="0.000" asserts="2" />
                      <test-case name="ExtDB.tests.DBxColumnListTests.HasMoreThan_DBxColumnList_static" executed="True" result="Success" success="True" time="0.001" asserts="4" />
                      <test-case name="ExtDB.tests.DBxColumnListTests.HasMoreThan_DBxColumns" executed="True" result="Success" success="True" time="0.002" asserts="3" />
                      <test-case name="ExtDB.tests.DBxColumnListTests.HasMoreThan_DBxColumns_empty" executed="True" result="Success" success="True" time="0.000" asserts="2" />
                      <test-case name="ExtDB.tests.DBxColumnListTests.HasMoreThan_DBxColumns_empty_for_empty_list" executed="True" result="Success" success="True" time="0.000" asserts="2" />
                      <test-suite type="ParameterizedTest" name="Remove" executed="True" result="Success" success="True" time="0.009" asserts="0">
                        <results>
                          <test-case name="ExtDB.tests.DBxColumnListTests.Remove(&quot;F1,F2&quot;,&quot;F1&quot;,&quot;F2&quot;)" executed="True" result="Success" success="True" time="0.001" asserts="3" />
                          <test-case name="ExtDB.tests.DBxColumnListTests.Remove(&quot;&quot;,&quot;&quot;,&quot;&quot;)" executed="True" result="Success" success="True" time="0.000" asserts="3" />
                          <test-case name="ExtDB.tests.DBxColumnListTests.Remove(&quot;F1,F2&quot;,&quot;F3,F1&quot;,&quot;F2&quot;)" executed="True" result="Success" success="True" time="0.000" asserts="3" />
                          <test-case name="ExtDB.tests.DBxColumnListTests.Remove(&quot;F1,F2&quot;,&quot;&quot;,&quot;F1,F2&quot;)" executed="True" result="Success" success="True" time="0.000" asserts="3" />
                          <test-case name="ExtDB.tests.DBxColumnListTests.Remove(&quot;F1,F2&quot;,&quot;F2,F3&quot;,&quot;F1&quot;)" executed="True" result="Success" success="True" time="0.000" asserts="3" />
                          <test-case name="ExtDB.tests.DBxColumnListTests.Remove(&quot;F1,F2&quot;,&quot;F3,F1,F2&quot;,&quot;&quot;)" executed="True" result="Success" success="True" time="0.000" asserts="3" />
                          <test-case name="ExtDB.tests.DBxColumnListTests.Remove(&quot;&quot;,&quot;F1&quot;,&quot;&quot;)" executed="True" result="Success" success="True" time="0.000" asserts="3" />
                          <test-case name="ExtDB.tests.DBxColumnListTests.Remove(&quot;&quot;,&quot;F1,F1&quot;,&quot;&quot;)" executed="True" result="Success" success="True" time="0.000" asserts="3" />
                        </results>
                      </test-suite>
                      <test-case name="ExtDB.tests.DBxColumnListTests.SetReadOnly" executed="True" result="Success" success="True" time="0.000" asserts="1" />
                      <test-case name="ExtDB.tests.DBxColumnListTests.SetReadOnly_exceptions" executed="True" result="Success" success="True" time="0.003" asserts="8" />
                    </results>
                  </test-suite>
                  <test-suite type="TestFixture" name="DBxTableColumnListTests" executed="True" result="Success" success="True" time="0.071" asserts="0">
                    <results>
                      <test-case name="ExtDB.tests.DBxTableColumnListTests.Clear" executed="True" result="Success" success="True" time="0.003" asserts="1" />
                      <test-case name="ExtDB.tests.DBxTableColumnListTests.Clone" executed="True" result="Success" success="True" time="0.001" asserts="2" />
                      <test-case name="ExtDB.tests.DBxTableColumnListTests.Constructor" executed="True" result="Success" success="True" time="0.000" asserts="3" />
                      <test-case name="ExtDB.tests.DBxTableColumnListTests.Count" executed="True" result="Success" success="True" time="0.001" asserts="1" />
                      <test-case name="ExtDB.tests.DBxTableColumnListTests.Empty" executed="True" result="Success" success="True" time="0.000" asserts="2" />
                      <test-case name="ExtDB.tests.DBxTableColumnListTests.IsReadOnly" executed="True" result="Success" success="True" time="0.000" asserts="3" />
                      <test-case name="ExtDB.tests.DBxTableColumnListTests.IsReadOnly_exceptions" executed="True" result="Success" success="True" time="0.005" asserts="13" />
                      <test-case name="ExtDB.tests.DBxTableColumnListTests.Pairs_Add" executed="True" result="Success" success="True" time="0.000" asserts="2" />
                      <test-case name="ExtDB.tests.DBxTableColumnListTests.Pairs_BoolItem_get" executed="True" result="Success" success="True" time="0.001" asserts="3" />
                      <test-case name="ExtDB.tests.DBxTableColumnListTests.Pairs_BoolItem_set" executed="True" result="Success" success="True" time="0.000" asserts="1" />
                      <test-case name="ExtDB.tests.DBxTableColumnListTests.Pairs_Contains" executed="True" result="Success" success="True" time="0.001" asserts="3" />
                      <test-case name="ExtDB.tests.DBxTableColumnListTests.Pairs_CopyTo" executed="True" result="Success" success="True" time="0.001" asserts="1" />
                      <test-case name="ExtDB.tests.DBxTableColumnListTests.Pairs_GetEnumerator" executed="True" result="Success" success="True" time="0.004" asserts="1" />
                      <test-case name="ExtDB.tests.DBxTableColumnListTests.Pairs_Remove" executed="True" result="Success" success="True" time="0.001" asserts="4" />
                      <test-case name="ExtDB.tests.DBxTableColumnListTests.Pairs_ToArray" executed="True" result="Success" success="True" time="0.000" asserts="1" />
                      <test-case name="ExtDB.tests.DBxTableColumnListTests.SetReadOnly_remove_empty" executed="True" result="Success" success="True" time="0.001" asserts="1" />
                      <test-case name="ExtDB.tests.DBxTableColumnListTests.SetReadOnly_saved_count" executed="True" result="Success" success="True" time="0.000" asserts="2" />
                      <test-case name="ExtDB.tests.DBxTableColumnListTests.Tables_Add" executed="True" result="Success" success="True" time="0.002" asserts="1" />
                      <test-case name="ExtDB.tests.DBxTableColumnListTests.Tables_ContainsKey" executed="True" result="Success" success="True" time="0.001" asserts="2" />
                      <test-case name="ExtDB.tests.DBxTableColumnListTests.Tables_CopyTo" executed="True" result="Success" success="True" time="0.001" asserts="3" />
                      <test-case name="ExtDB.tests.DBxTableColumnListTests.Tables_Count" executed="True" result="Success" success="True" time="0.000" asserts="2" />
                      <test-case name="ExtDB.tests.DBxTableColumnListTests.Tables_GetEnumerator" executed="True" result="Success" success="True" time="0.002" asserts="5" />
                      <test-case name="ExtDB.tests.DBxTableColumnListTests.Tables_Item_get_empty" executed="True" result="Success" success="True" time="0.006" asserts="2" />
                      <test-case name="ExtDB.tests.DBxTableColumnListTests.Tables_Item_get_exist" executed="True" result="Success" success="True" time="0.000" asserts="1" />
                      <test-case name="ExtDB.tests.DBxTableColumnListTests.Tables_Item_other_table" executed="True" result="Success" success="True" time="0.000" asserts="1" />
                      <test-suite type="ParameterizedTest" name="Tables_Item_set_same_table" executed="True" result="Success" success="True" time="0.005" asserts="0">
                        <results>
                          <test-case name="ExtDB.tests.DBxTableColumnListTests.Tables_Item_set_same_table(&quot;F1,F2&quot;,&quot;&quot;)" executed="True" result="Success" success="True" time="0.000" asserts="1" />
                          <test-case name="ExtDB.tests.DBxTableColumnListTests.Tables_Item_set_same_table(&quot;F1,F2&quot;,&quot;F2,F3&quot;)" executed="True" result="Success" success="True" time="0.000" asserts="1" />
                          <test-case name="ExtDB.tests.DBxTableColumnListTests.Tables_Item_set_same_table(&quot;&quot;,&quot;F2,F3&quot;)" executed="True" result="Success" success="True" time="0.000" asserts="1" />
                          <test-case name="ExtDB.tests.DBxTableColumnListTests.Tables_Item_set_same_table(&quot;&quot;,&quot;&quot;)" executed="True" result="Success" success="True" time="0.000" asserts="1" />
                        </results>
                      </test-suite>
                      <test-case name="ExtDB.tests.DBxTableColumnListTests.Tables_Keys" executed="True" result="Success" success="True" time="0.001" asserts="1" />
                      <test-case name="ExtDB.tests.DBxTableColumnListTests.Tables_Remove" executed="True" result="Success" success="True" time="0.001" asserts="2" />
                      <test-case name="ExtDB.tests.DBxTableColumnListTests.Tables_TryGetValue" executed="True" result="Success" success="True" time="0.001" asserts="2" />
                    </results>
                  </test-suite>
                  <test-suite type="TestFixture" name="DBxTableColumnNameTests" executed="True" result="Success" success="True" time="0.008" asserts="0">
                    <results>
                      <test-case name="ExtDB.tests.DBxTableColumnNameTests.Constructor_exception" executed="True" result="Success" success="True" time="0.001" asserts="2" />
                      <test-case name="ExtDB.tests.DBxTableColumnNameTests.Constructor_ok" executed="True" result="Success" success="True" time="0.000" asserts="3" />
                      <test-case name="ExtDB.tests.DBxTableColumnNameTests.Equals" executed="True" result="Success" success="True" time="0.000" asserts="4" />
                      <test-case name="ExtDB.tests.DBxTableColumnNameTests.Equals_IsEmpty" executed="True" result="Success" success="True" time="0.000" asserts="3" />
                    </results>
                  </test-suite>
                  <test-suite type="TestFixture" name="SQLiteDBx_InMemory" executed="True" result="Success" success="True" time="0.012" asserts="0">
                    <results>
                      <test-case name="ExtDB.tests.SQLiteDBx_InMemory.ConcurentUsage" executed="True" result="Success" success="True" time="0.009" asserts="3" />
                      <test-case name="ExtDB.tests.SQLiteDBx_InMemory.SimpleUsage" executed="True" result="Success" success="True" time="0.001" asserts="1" />
                    </results>
                  </test-suite>
                </results>
              </test-suite>
            </results>
          </test-suite>
        </results>
      </test-suite>
      <test-suite type="Assembly" name="D:\Агеев\FreeLibSet\Tests\ExtDBDocs.tests\bin\Debug\ExtDBDocs.tests.dll" executed="True" result="Success" success="True" time="8.526" asserts="0">
        <results>
          <test-suite type="Namespace" name="ExtDBDocs" executed="True" result="Success" success="True" time="8.525" asserts="0">
            <results>
              <test-suite type="Namespace" name="tests" executed="True" result="Success" success="True" time="8.525" asserts="0">
                <results>
                  <test-suite type="TestFixture" name="DBxBinDataValidatorTests" executed="True" result="Success" success="True" time="8.525" asserts="0">
                    <results>
                      <test-case name="ExtDBDocs.tests.DBxBinDataValidatorTests.Test_bad_length" executed="True" result="Success" success="True" time="1.568" asserts="1" />
                      <test-case name="ExtDBDocs.tests.DBxBinDataValidatorTests.Test_bad_md5" executed="True" result="Success" success="True" time="1.607" asserts="1" />
                      <test-case name="ExtDBDocs.tests.DBxBinDataValidatorTests.Test_empty_md5" executed="True" result="Success" success="True" time="1.668" asserts="1" />
                      <test-case name="ExtDBDocs.tests.DBxBinDataValidatorTests.Test_ok" executed="True" result="Success" success="True" time="1.650" asserts="4" />
                      <test-case name="ExtDBDocs.tests.DBxBinDataValidatorTests.Test_repeated_md5" executed="True" result="Success" success="True" time="2.019" asserts="2" />
                    </results>
                  </test-suite>
                </results>
              </test-suite>
            </results>
          </test-suite>
        </results>
      </test-suite>
    </results>
  </test-suite>
</test-results>